
> game-platform@0.1.0 dev:web
> npm run build:shared && npm run dev -w @game-platform/web


> game-platform@0.1.0 build:shared
> npm run build -w @game-platform/shared


> @game-platform/shared@0.1.0 build
> tsc -p tsconfig.json


> @game-platform/web@0.1.0 dev
> vite --host 0.0.0.0

Re-optimizing dependencies because lockfile has changed

  [32m[1mVITE[22m v5.4.21[39m  [2mready in [0m[1m428[22m[2m[0m ms[22m

  [32m➜[39m  [1mLocal[22m:   [36mhttp://localhost:[1m5173[22m/[39m
  [32m➜[39m  [1mNetwork[22m: [36mhttp://192.168.1.3:[1m5173[22m/[39m
  [32m➜[39m  [1mNetwork[22m: [36mhttp://172.20.208.1:[1m5173[22m/[39m
  [32m➜[39m  [1mNetwork[22m: [36mhttp://172.24.16.1:[1m5173[22m/[39m
[2m۱:۵۷:۲۴[22m [36m[1m[vite][22m[39m [32mhmr update [39m[2m/src/App.tsx, /src/styles.css[22m
[2m۱:۵۷:۲۴[22m [36m[1m[vite][22m[39m [32mhmr update [39m[2m/src/pages/HomePage.tsx, /src/styles.css[22m
[2m۱:۵۷:۲۴[22m [36m[1m[vite][22m[39m [32mpage reload [39m[2msrc/main.tsx[22m
[2m۱:۵۷:۲۴[22m [36m[1m[vite][22m[39m [32m✨ new dependencies optimized: [33mzustand[32m[39m
[2m۱:۵۷:۲۴[22m [36m[1m[vite][22m[39m [32m✨ optimized dependencies changed. reloading[39m
[2m۱:۵۷:۴۳[22m [36m[1m[vite][22m[39m [32mhmr update [39m[2m/src/pages/HomePage.tsx, /src/styles.css, /src/pages/GamesPage.tsx[22m
